<?xml version="1.0" encoding="UTF-8"?>
<!-- Generated by org.testng.reporters.JUnitReportReporter -->
<testsuite hostname="WKWZT9jCabsNpSF" failures="0" tests="1" name="Concatination.Concat" time="0.007" errors="0" timestamp="2022-11-29T20:30:48 IST" skipped="0">
  <testcase classname="Concatination.Concat" name="concatString" time="0.007"/>
  <system-out/>
</testsuite> <!-- Concatination.Concat -->
